# JRE version: Java(TM) SE Runtime Environment (7.0_71-b14) (build 1.7.0_71-b14)
# Java VM: Java HotSpot(TM) 64-Bit Server VM (24.71-b01 mixed mode bsd-amd64 compressed oops)
Heap
 PSYoungGen      total 183808K, used 26590K [0x00000007eaa80000, 0x00000007f7e80000, 0x0000000800000000)
  eden space 164864K, 11% used [0x00000007eaa80000,0x00000007ebd84620,0x00000007f4b80000)
  from space 18944K, 37% used [0x00000007f6c00000,0x00000007f72f3390,0x00000007f7e80000)
  to   space 26112K, 0% used [0x00000007f4b80000,0x00000007f4b80000,0x00000007f6500000)
 ParOldGen       total 87040K, used 49254K [0x00000007c0000000, 0x00000007c5500000, 0x00000007eaa80000)
  object space 87040K, 56% used [0x00000007c0000000,0x00000007c3019bc0,0x00000007c5500000)
 PSPermGen       total 112128K, used 61071K [0x00000007b0000000, 0x00000007b6d80000, 0x00000007c0000000)
  object space 112128K, 54% used [0x00000007b0000000,0x00000007b3ba3fa8,0x00000007b6d80000)
GC Heap History (10 events):
Event: 6593.457 GC heap before
{Heap before GC invocations=28 (full 4):
 PSYoungGen      total 223232K, used 2127K [0x00000007eaa80000, 0x00000007fa200000, 0x0000000800000000)
  eden space 194560K, 0% used [0x00000007eaa80000,0x00000007eaa80000,0x00000007f6880000)
  from space 28672K, 7% used [0x00000007f8500000,0x00000007f8713df8,0x00000007fa100000)
  to   space 29184K, 0% used [0x00000007f6880000,0x00000007f6880000,0x00000007f8500000)
 ParOldGen       total 87040K, used 61515K [0x00000007c0000000, 0x00000007c5500000, 0x00000007eaa80000)
  object space 87040K, 70% used [0x00000007c0000000,0x00000007c3c12f08,0x00000007c5500000)
 PSPermGen       total 112128K, used 61839K [0x00000007b0000000, 0x00000007b6d80000, 0x00000007c0000000)
  object space 112128K, 55% used [0x00000007b0000000,0x00000007b3c63f10,0x00000007b6d80000)
Event: 6593.834 GC heap after
Heap after GC invocations=28 (full 4):
 PSYoungGen      total 223232K, used 0K [0x00000007eaa80000, 0x00000007fa200000, 0x0000000800000000)
  eden space 194560K, 0% used [0x00000007eaa80000,0x00000007eaa80000,0x00000007f6880000)
  from space 28672K, 0% used [0x00000007f8500000,0x00000007f8500000,0x00000007fa100000)
  to   space 29184K, 0% used [0x00000007f6880000,0x00000007f6880000,0x00000007f8500000)
 ParOldGen       total 87040K, used 28345K [0x00000007c0000000, 0x00000007c5500000, 0x00000007eaa80000)
  object space 87040K, 32% used [0x00000007c0000000,0x00000007c1bae630,0x00000007c5500000)
 PSPermGen       total 112128K, used 60628K [0x00000007b0000000, 0x00000007b6d80000, 0x00000007c0000000)
  object space 112128K, 54% used [0x00000007b0000000,0x00000007b3b35308,0x00000007b6d80000)
}
Event: 6688.962 GC heap before
{Heap before GC invocations=29 (full 4):
 PSYoungGen      total 223232K, used 194560K [0x00000007eaa80000, 0x00000007fa200000, 0x0000000800000000)
  eden space 194560K, 100% used [0x00000007eaa80000,0x00000007f6880000,0x00000007f6880000)
  from space 28672K, 0% used [0x00000007f8500000,0x00000007f8500000,0x00000007fa100000)
  to   space 29184K, 0% used [0x00000007f6880000,0x00000007f6880000,0x00000007f8500000)
 ParOldGen       total 87040K, used 28345K [0x00000007c0000000, 0x00000007c5500000, 0x00000007eaa80000)
  object space 87040K, 32% used [0x00000007c0000000,0x00000007c1bae630,0x00000007c5500000)
 PSPermGen       total 112128K, used 60820K [0x00000007b0000000, 0x00000007b6d80000, 0x00000007c0000000)
  object space 112128K, 54% used [0x00000007b0000000,0x00000007b3b65200,0x00000007b6d80000)
Event: 6688.976 GC heap after
Heap after GC invocations=29 (full 4):
 PSYoungGen      total 200704K, used 14311K [0x00000007eaa80000, 0x00000007f9780000, 0x0000000800000000)
  eden space 186368K, 0% used [0x00000007eaa80000,0x00000007eaa80000,0x00000007f6080000)
  from space 14336K, 99% used [0x00000007f6880000,0x00000007f7679c10,0x00000007f7680000)
  to   space 28160K, 0% used [0x00000007f7c00000,0x00000007f7c00000,0x00000007f9780000)
 ParOldGen       total 87040K, used 28345K [0x00000007c0000000, 0x00000007c5500000, 0x00000007eaa80000)
  object space 87040K, 32% used [0x00000007c0000000,0x00000007c1bae630,0x00000007c5500000)
 PSPermGen       total 112128K, used 60820K [0x00000007b0000000, 0x00000007b6d80000, 0x00000007c0000000)
  object space 112128K, 54% used [0x00000007b0000000,0x00000007b3b65200,0x00000007b6d80000)
}
Event: 6691.887 GC heap before
{Heap before GC invocations=30 (full 4):
 PSYoungGen      total 200704K, used 200679K [0x00000007eaa80000, 0x00000007f9780000, 0x0000000800000000)
  eden space 186368K, 100% used [0x00000007eaa80000,0x00000007f6080000,0x00000007f6080000)
  from space 14336K, 99% used [0x00000007f6880000,0x00000007f7679c10,0x00000007f7680000)
  to   space 28160K, 0% used [0x00000007f7c00000,0x00000007f7c00000,0x00000007f9780000)
 ParOldGen       total 87040K, used 28345K [0x00000007c0000000, 0x00000007c5500000, 0x00000007eaa80000)
  object space 87040K, 32% used [0x00000007c0000000,0x00000007c1bae630,0x00000007c5500000)
 PSPermGen       total 112128K, used 60865K [0x00000007b0000000, 0x00000007b6d80000, 0x00000007c0000000)
  object space 112128K, 54% used [0x00000007b0000000,0x00000007b3b707f0,0x00000007b6d80000)
Event: 6691.922 GC heap after
Heap after GC invocations=30 (full 4):
 PSYoungGen      total 198144K, used 6616K [0x00000007eaa80000, 0x00000007f8f00000, 0x0000000800000000)
  eden space 178688K, 0% used [0x00000007eaa80000,0x00000007eaa80000,0x00000007f5900000)
  from space 19456K, 34% used [0x00000007f7c00000,0x00000007f8276350,0x00000007f8f00000)
  to   space 27648K, 0% used [0x00000007f5900000,0x00000007f5900000,0x00000007f7400000)
 ParOldGen       total 87040K, used 38901K [0x00000007c0000000, 0x00000007c5500000, 0x00000007eaa80000)
  object space 87040K, 44% used [0x00000007c0000000,0x00000007c25fd5f8,0x00000007c5500000)
 PSPermGen       total 112128K, used 60865K [0x00000007b0000000, 0x00000007b6d80000, 0x00000007c0000000)
  object space 112128K, 54% used [0x00000007b0000000,0x00000007b3b707f0,0x00000007b6d80000)
}
Event: 9219.205 GC heap before
{Heap before GC invocations=31 (full 4):
 PSYoungGen      total 198144K, used 185304K [0x00000007eaa80000, 0x00000007f8f00000, 0x0000000800000000)
  eden space 178688K, 100% used [0x00000007eaa80000,0x00000007f5900000,0x00000007f5900000)
  from space 19456K, 34% used [0x00000007f7c00000,0x00000007f8276350,0x00000007f8f00000)
  to   space 27648K, 0% used [0x00000007f5900000,0x00000007f5900000,0x00000007f7400000)
 ParOldGen       total 87040K, used 38901K [0x00000007c0000000, 0x00000007c5500000, 0x00000007eaa80000)
  object space 87040K, 44% used [0x00000007c0000000,0x00000007c25fd5f8,0x00000007c5500000)
 PSPermGen       total 112128K, used 60990K [0x00000007b0000000, 0x00000007b6d80000, 0x00000007c0000000)
  object space 112128K, 54% used [0x00000007b0000000,0x00000007b3b8fa60,0x00000007b6d80000)
Event: 9219.273 GC heap after
Heap after GC invocations=31 (full 4):
 PSYoungGen      total 181760K, used 9798K [0x00000007eaa80000, 0x00000007f8600000, 0x0000000800000000)
  eden space 171520K, 0% used [0x00000007eaa80000,0x00000007eaa80000,0x00000007f5200000)
  from space 10240K, 95% used [0x00000007f5900000,0x00000007f6291a78,0x00000007f6300000)
  to   space 26624K, 0% used [0x00000007f6c00000,0x00000007f6c00000,0x00000007f8600000)
 ParOldGen       total 87040K, used 42802K [0x00000007c0000000, 0x00000007c5500000, 0x00000007eaa80000)
  object space 87040K, 49% used [0x00000007c0000000,0x00000007c29ccae0,0x00000007c5500000)
 PSPermGen       total 112128K, used 60990K [0x00000007b0000000, 0x00000007b6d80000, 0x00000007c0000000)
  object space 112128K, 54% used [0x00000007b0000000,0x00000007b3b8fa60,0x00000007b6d80000)
}
Event: 9222.421 GC heap before
{Heap before GC invocations=32 (full 4):
 PSYoungGen      total 181760K, used 181318K [0x00000007eaa80000, 0x00000007f8600000, 0x0000000800000000)
  eden space 171520K, 100% used [0x00000007eaa80000,0x00000007f5200000,0x00000007f5200000)
  from space 10240K, 95% used [0x00000007f5900000,0x00000007f6291a78,0x00000007f6300000)
  to   space 26624K, 0% used [0x00000007f6c00000,0x00000007f6c00000,0x00000007f8600000)
 ParOldGen       total 87040K, used 42802K [0x00000007c0000000, 0x00000007c5500000, 0x00000007eaa80000)
  object space 87040K, 49% used [0x00000007c0000000,0x00000007c29ccae0,0x00000007c5500000)
 PSPermGen       total 112128K, used 61050K [0x00000007b0000000, 0x00000007b6d80000, 0x00000007c0000000)
  object space 112128K, 54% used [0x00000007b0000000,0x00000007b3b9ea30,0x00000007b6d80000)
Event: 9222.461 GC heap after
Heap after GC invocations=32 (full 4):
 PSYoungGen      total 183808K, used 7116K [0x00000007eaa80000, 0x00000007f7e80000, 0x0000000800000000)
  eden space 164864K, 0% used [0x00000007eaa80000,0x00000007eaa80000,0x00000007f4b80000)
  from space 18944K, 37% used [0x00000007f6c00000,0x00000007f72f3390,0x00000007f7e80000)
  to   space 26112K, 0% used [0x00000007f4b80000,0x00000007f4b80000,0x00000007f6500000)
 ParOldGen       total 87040K, used 49254K [0x00000007c0000000, 0x00000007c5500000, 0x00000007eaa80000)
  object space 87040K, 56% used [0x00000007c0000000,0x00000007c3019bc0,0x00000007c5500000)
 PSPermGen       total 112128K, used 61050K [0x00000007b0000000, 0x00000007b6d80000, 0x00000007c0000000)
  object space 112128K, 54% used [0x00000007b0000000,0x00000007b3b9ea30,0x00000007b6d80000)
}

